# JRE version: Java(TM) SE Runtime Environment (20.0+36) (build 20+36-2344)
# Java VM: Java HotSpot(TM) 64-Bit Server VM (20+36-2344, mixed mode, emulated-client, sharing, tiered, compressed oops, compressed class ptrs, g1 gc, windows-amd64)
GC Precious Log:
 CardTable entry size: 512
 Card Set container configuration: InlinePtr #cards 5 size 8 Array Of Cards #cards 12 size 40 Howl #buckets 4 coarsen threshold 1843 Howl Bitmap #cards 512 size 80 coarsen threshold 460 Card regions per heap region 1 cards per card region 2048
 CPUs: 8 total, 8 available
 Memory: 8101M
 Large Page Support: Disabled
 NUMA Support: Disabled
 Compressed Oops: Enabled (32-bit)
 Heap Region Size: 1M
 Heap Min Capacity: 8M
 Heap Initial Capacity: 128M
 Heap Max Capacity: 2026M
 Pre-touch: Disabled
 Parallel Workers: 8
 Concurrent Workers: 2
 Concurrent Refinement Workers: 8
 Periodic GC: Disabled
Heap:
 garbage-first heap   total 78848K, used 59904K [0x0000000081600000, 0x0000000100000000)
  region size 1024K, 34 young (34816K), 4 survivors (4096K)
 Metaspace       used 77280K, committed 78080K, reserved 1179648K
  class space    used 10540K, committed 10880K, reserved 1048576K
GC Heap History (20 events):
Event: 1423.365 GC heap before
{Heap before GC invocations=57 (full 11):
 garbage-first heap   total 78848K, used 65581K [0x0000000081600000, 0x0000000100000000)
  region size 1024K, 40 young (40960K), 0 survivors (0K)
 Metaspace       used 75472K, committed 76160K, reserved 1179648K
  class space    used 10360K, committed 10624K, reserved 1048576K
}
Event: 1423.367 GC heap after
{Heap after GC invocations=58 (full 11):
 garbage-first heap   total 78848K, used 29574K [0x0000000081600000, 0x0000000100000000)
  region size 1024K, 4 young (4096K), 4 survivors (4096K)
 Metaspace       used 75472K, committed 76160K, reserved 1179648K
  class space    used 10360K, committed 10624K, reserved 1048576K
}
Event: 1423.605 GC heap before
{Heap before GC invocations=58 (full 11):
 garbage-first heap   total 78848K, used 66438K [0x0000000081600000, 0x0000000100000000)
  region size 1024K, 40 young (40960K), 4 survivors (4096K)
 Metaspace       used 75757K, committed 76480K, reserved 1179648K
  class space    used 10382K, committed 10688K, reserved 1048576K
}
Event: 1423.610 GC heap after
{Heap after GC invocations=59 (full 11):
 garbage-first heap   total 78848K, used 31508K [0x0000000081600000, 0x0000000100000000)
  region size 1024K, 3 young (3072K), 3 survivors (3072K)
 Metaspace       used 75757K, committed 76480K, reserved 1179648K
  class space    used 10382K, committed 10688K, reserved 1048576K
}
Event: 1489.785 GC heap before
{Heap before GC invocations=59 (full 11):
 garbage-first heap   total 78848K, used 40724K [0x0000000081600000, 0x0000000100000000)
  region size 1024K, 13 young (13312K), 3 survivors (3072K)
 Metaspace       used 75762K, committed 76480K, reserved 1179648K
  class space    used 10382K, committed 10688K, reserved 1048576K
}
Event: 1489.859 GC heap after
{Heap after GC invocations=60 (full 12):
 garbage-first heap   total 78848K, used 25000K [0x0000000081600000, 0x0000000100000000)
  region size 1024K, 0 young (0K), 0 survivors (0K)
 Metaspace       used 75750K, committed 76480K, reserved 1179648K
  class space    used 10380K, committed 10688K, reserved 1048576K
}
Event: 1490.758 GC heap before
{Heap before GC invocations=60 (full 12):
 garbage-first heap   total 78848K, used 65960K [0x0000000081600000, 0x0000000100000000)
  region size 1024K, 40 young (40960K), 0 survivors (0K)
 Metaspace       used 75889K, committed 76608K, reserved 1179648K
  class space    used 10398K, committed 10688K, reserved 1048576K
}
Event: 1490.763 GC heap after
{Heap after GC invocations=61 (full 12):
 garbage-first heap   total 78848K, used 28815K [0x0000000081600000, 0x0000000100000000)
  region size 1024K, 4 young (4096K), 4 survivors (4096K)
 Metaspace       used 75889K, committed 76608K, reserved 1179648K
  class space    used 10398K, committed 10688K, reserved 1048576K
}
Event: 1491.196 GC heap before
{Heap before GC invocations=61 (full 12):
 garbage-first heap   total 78848K, used 65679K [0x0000000081600000, 0x0000000100000000)
  region size 1024K, 40 young (40960K), 4 survivors (4096K)
 Metaspace       used 76161K, committed 76864K, reserved 1179648K
  class space    used 10419K, committed 10688K, reserved 1048576K
}
Event: 1491.204 GC heap after
{Heap after GC invocations=62 (full 12):
 garbage-first heap   total 78848K, used 31075K [0x0000000081600000, 0x0000000100000000)
  region size 1024K, 3 young (3072K), 3 survivors (3072K)
 Metaspace       used 76161K, committed 76864K, reserved 1179648K
  class space    used 10419K, committed 10688K, reserved 1048576K
}
Event: 1602.395 GC heap before
{Heap before GC invocations=62 (full 12):
 garbage-first heap   total 78848K, used 45411K [0x0000000081600000, 0x0000000100000000)
  region size 1024K, 18 young (18432K), 3 survivors (3072K)
 Metaspace       used 76345K, committed 77184K, reserved 1179648K
  class space    used 10445K, committed 10816K, reserved 1048576K
}
Event: 1602.476 GC heap after
{Heap after GC invocations=63 (full 13):
 garbage-first heap   total 78848K, used 25972K [0x0000000081600000, 0x0000000100000000)
  region size 1024K, 0 young (0K), 0 survivors (0K)
 Metaspace       used 76342K, committed 77184K, reserved 1179648K
  class space    used 10445K, committed 10816K, reserved 1048576K
}
Event: 1603.768 GC heap before
{Heap before GC invocations=63 (full 13):
 garbage-first heap   total 78848K, used 66932K [0x0000000081600000, 0x0000000100000000)
  region size 1024K, 40 young (40960K), 0 survivors (0K)
 Metaspace       used 76472K, committed 77312K, reserved 1179648K
  class space    used 10461K, committed 10816K, reserved 1048576K
}
Event: 1603.774 GC heap after
{Heap after GC invocations=64 (full 13):
 garbage-first heap   total 78848K, used 29970K [0x0000000081600000, 0x0000000100000000)
  region size 1024K, 4 young (4096K), 4 survivors (4096K)
 Metaspace       used 76472K, committed 77312K, reserved 1179648K
  class space    used 10461K, committed 10816K, reserved 1048576K
}
Event: 1604.563 GC heap before
{Heap before GC invocations=64 (full 13):
 garbage-first heap   total 78848K, used 66834K [0x0000000081600000, 0x0000000100000000)
  region size 1024K, 40 young (40960K), 4 survivors (4096K)
 Metaspace       used 76832K, committed 77632K, reserved 1179648K
  class space    used 10494K, committed 10816K, reserved 1048576K
}
Event: 1604.570 GC heap after
{Heap after GC invocations=65 (full 13):
 garbage-first heap   total 78848K, used 32209K [0x0000000081600000, 0x0000000100000000)
  region size 1024K, 3 young (3072K), 3 survivors (3072K)
 Metaspace       used 76832K, committed 77632K, reserved 1179648K
  class space    used 10494K, committed 10816K, reserved 1048576K
}
Event: 2180.392 GC heap before
{Heap before GC invocations=65 (full 13):
 garbage-first heap   total 78848K, used 63953K [0x0000000081600000, 0x0000000100000000)
  region size 1024K, 36 young (36864K), 3 survivors (3072K)
 Metaspace       used 76883K, committed 77696K, reserved 1179648K
  class space    used 10506K, committed 10816K, reserved 1048576K
}
Event: 2180.437 GC heap after
{Heap after GC invocations=66 (full 14):
 garbage-first heap   total 78848K, used 26112K [0x0000000081600000, 0x0000000100000000)
  region size 1024K, 0 young (0K), 0 survivors (0K)
 Metaspace       used 76875K, committed 77696K, reserved 1179648K
  class space    used 10504K, committed 10816K, reserved 1048576K
}
Event: 2180.873 GC heap before
{Heap before GC invocations=66 (full 14):
 garbage-first heap   total 78848K, used 67072K [0x0000000081600000, 0x0000000100000000)
  region size 1024K, 40 young (40960K), 0 survivors (0K)
 Metaspace       used 76998K, committed 77824K, reserved 1179648K
  class space    used 10520K, committed 10880K, reserved 1048576K
}
Event: 2180.876 GC heap after
{Heap after GC invocations=67 (full 14):
 garbage-first heap   total 78848K, used 30208K [0x0000000081600000, 0x0000000100000000)
  region size 1024K, 4 young (4096K), 4 survivors (4096K)
 Metaspace       used 76998K, committed 77824K, reserved 1179648K
  class space    used 10520K, committed 10880K, reserved 1048576K
}

