# JRE version: Java(TM) SE Runtime Environment (20.0+36) (build 20+36-2344)
# Java VM: Java HotSpot(TM) 64-Bit Server VM (20+36-2344, mixed mode, emulated-client, sharing, tiered, compressed oops, compressed class ptrs, g1 gc, windows-amd64)
GC Precious Log:
 CardTable entry size: 512
 Card Set container configuration: InlinePtr #cards 5 size 8 Array Of Cards #cards 12 size 40 Howl #buckets 4 coarsen threshold 1843 Howl Bitmap #cards 512 size 80 coarsen threshold 460 Card regions per heap region 1 cards per card region 2048
 CPUs: 8 total, 8 available
 Memory: 8101M
 Large Page Support: Disabled
 NUMA Support: Disabled
 Compressed Oops: Enabled (32-bit)
 Heap Region Size: 1M
 Heap Min Capacity: 8M
 Heap Initial Capacity: 128M
 Heap Max Capacity: 2026M
 Pre-touch: Disabled
 Parallel Workers: 8
 Concurrent Workers: 2
 Concurrent Refinement Workers: 8
 Periodic GC: Disabled
Heap:
 garbage-first heap   total 73728K, used 45313K [0x0000000081600000, 0x0000000100000000)
  region size 1024K, 17 young (17408K), 2 survivors (2048K)
 Metaspace       used 77862K, committed 78784K, reserved 1179648K
  class space    used 10562K, committed 11008K, reserved 1048576K
GC Heap History (20 events):
Event: 1398.126 GC heap before
{Heap before GC invocations=79 (full 13):
 garbage-first heap   total 73728K, used 61854K [0x0000000081600000, 0x0000000100000000)
  region size 1024K, 36 young (36864K), 4 survivors (4096K)
 Metaspace       used 76649K, committed 77376K, reserved 1179648K
  class space    used 10441K, committed 10816K, reserved 1048576K
}
Event: 1398.129 GC heap after
{Heap after GC invocations=80 (full 13):
 garbage-first heap   total 73728K, used 30899K [0x0000000081600000, 0x0000000100000000)
  region size 1024K, 2 young (2048K), 2 survivors (2048K)
 Metaspace       used 76649K, committed 77376K, reserved 1179648K
  class space    used 10441K, committed 10816K, reserved 1048576K
}
Event: 1425.471 GC heap before
{Heap before GC invocations=80 (full 13):
 garbage-first heap   total 73728K, used 47283K [0x0000000081600000, 0x0000000100000000)
  region size 1024K, 19 young (19456K), 2 survivors (2048K)
 Metaspace       used 76667K, committed 77440K, reserved 1179648K
  class space    used 10445K, committed 10816K, reserved 1048576K
}
Event: 1425.523 GC heap after
{Heap after GC invocations=81 (full 14):
 garbage-first heap   total 73728K, used 26279K [0x0000000081600000, 0x0000000100000000)
  region size 1024K, 0 young (0K), 0 survivors (0K)
 Metaspace       used 76665K, committed 77440K, reserved 1179648K
  class space    used 10444K, committed 10816K, reserved 1048576K
}
Event: 1426.172 GC heap before
{Heap before GC invocations=81 (full 14):
 garbage-first heap   total 73728K, used 62119K [0x0000000081600000, 0x0000000100000000)
  region size 1024K, 36 young (36864K), 0 survivors (0K)
 Metaspace       used 76749K, committed 77504K, reserved 1179648K
  class space    used 10455K, committed 10816K, reserved 1048576K
}
Event: 1426.175 GC heap after
{Heap after GC invocations=82 (full 14):
 garbage-first heap   total 73728K, used 29940K [0x0000000081600000, 0x0000000100000000)
  region size 1024K, 4 young (4096K), 4 survivors (4096K)
 Metaspace       used 76749K, committed 77504K, reserved 1179648K
  class space    used 10455K, committed 10816K, reserved 1048576K
}
Event: 1426.519 GC heap before
{Heap before GC invocations=83 (full 14):
 garbage-first heap   total 73728K, used 62708K [0x0000000081600000, 0x0000000100000000)
  region size 1024K, 36 young (36864K), 4 survivors (4096K)
 Metaspace       used 77037K, committed 77824K, reserved 1179648K
  class space    used 10479K, committed 10880K, reserved 1048576K
}
Event: 1426.523 GC heap after
{Heap after GC invocations=84 (full 14):
 garbage-first heap   total 73728K, used 31505K [0x0000000081600000, 0x0000000100000000)
  region size 1024K, 2 young (2048K), 2 survivors (2048K)
 Metaspace       used 77037K, committed 77824K, reserved 1179648K
  class space    used 10479K, committed 10880K, reserved 1048576K
}
Event: 1490.610 GC heap before
{Heap before GC invocations=84 (full 14):
 garbage-first heap   total 73728K, used 46865K [0x0000000081600000, 0x0000000100000000)
  region size 1024K, 18 young (18432K), 2 survivors (2048K)
 Metaspace       used 77041K, committed 77824K, reserved 1179648K
  class space    used 10480K, committed 10880K, reserved 1048576K
}
Event: 1490.659 GC heap after
{Heap after GC invocations=85 (full 15):
 garbage-first heap   total 73728K, used 25689K [0x0000000081600000, 0x0000000100000000)
  region size 1024K, 0 young (0K), 0 survivors (0K)
 Metaspace       used 77038K, committed 77824K, reserved 1179648K
  class space    used 10479K, committed 10880K, reserved 1048576K
}
Event: 1491.179 GC heap before
{Heap before GC invocations=85 (full 15):
 garbage-first heap   total 73728K, used 60505K [0x0000000081600000, 0x0000000100000000)
  region size 1024K, 35 young (35840K), 0 survivors (0K)
 Metaspace       used 77117K, committed 77888K, reserved 1179648K
  class space    used 10489K, committed 10880K, reserved 1048576K
}
Event: 1491.182 GC heap after
{Heap after GC invocations=86 (full 15):
 garbage-first heap   total 73728K, used 29055K [0x0000000081600000, 0x0000000100000000)
  region size 1024K, 4 young (4096K), 4 survivors (4096K)
 Metaspace       used 77117K, committed 77888K, reserved 1179648K
  class space    used 10489K, committed 10880K, reserved 1048576K
}
Event: 1491.508 GC heap before
{Heap before GC invocations=87 (full 15):
 garbage-first heap   total 73728K, used 60799K [0x0000000081600000, 0x0000000100000000)
  region size 1024K, 35 young (35840K), 4 survivors (4096K)
 Metaspace       used 77354K, committed 78080K, reserved 1179648K
  class space    used 10509K, committed 10880K, reserved 1048576K
}
Event: 1491.511 GC heap after
{Heap after GC invocations=88 (full 15):
 garbage-first heap   total 73728K, used 31016K [0x0000000081600000, 0x0000000100000000)
  region size 1024K, 3 young (3072K), 3 survivors (3072K)
 Metaspace       used 77354K, committed 78080K, reserved 1179648K
  class space    used 10509K, committed 10880K, reserved 1048576K
}
Event: 1515.790 GC heap before
{Heap before GC invocations=88 (full 15):
 garbage-first heap   total 73728K, used 48424K [0x0000000081600000, 0x0000000100000000)
  region size 1024K, 21 young (21504K), 3 survivors (3072K)
 Metaspace       used 77457K, committed 78272K, reserved 1179648K
  class space    used 10525K, committed 10944K, reserved 1048576K
}
Event: 1515.839 GC heap after
{Heap after GC invocations=89 (full 16):
 garbage-first heap   total 73728K, used 25679K [0x0000000081600000, 0x0000000100000000)
  region size 1024K, 0 young (0K), 0 survivors (0K)
 Metaspace       used 77436K, committed 78272K, reserved 1179648K
  class space    used 10522K, committed 10944K, reserved 1048576K
}
Event: 1516.448 GC heap before
{Heap before GC invocations=89 (full 16):
 garbage-first heap   total 73728K, used 61519K [0x0000000081600000, 0x0000000100000000)
  region size 1024K, 36 young (36864K), 0 survivors (0K)
 Metaspace       used 77525K, committed 78336K, reserved 1179648K
  class space    used 10534K, committed 10944K, reserved 1048576K
}
Event: 1516.451 GC heap after
{Heap after GC invocations=90 (full 16):
 garbage-first heap   total 73728K, used 29355K [0x0000000081600000, 0x0000000100000000)
  region size 1024K, 4 young (4096K), 4 survivors (4096K)
 Metaspace       used 77525K, committed 78336K, reserved 1179648K
  class space    used 10534K, committed 10944K, reserved 1048576K
}
Event: 1516.823 GC heap before
{Heap before GC invocations=91 (full 16):
 garbage-first heap   total 73728K, used 62123K [0x0000000081600000, 0x0000000100000000)
  region size 1024K, 36 young (36864K), 4 survivors (4096K)
 Metaspace       used 77806K, committed 78592K, reserved 1179648K
  class space    used 10555K, committed 10944K, reserved 1048576K
}
Event: 1516.827 GC heap after
{Heap after GC invocations=92 (full 16):
 garbage-first heap   total 73728K, used 30977K [0x0000000081600000, 0x0000000100000000)
  region size 1024K, 2 young (2048K), 2 survivors (2048K)
 Metaspace       used 77806K, committed 78592K, reserved 1179648K
  class space    used 10555K, committed 10944K, reserved 1048576K
}

