# JRE version: Java(TM) SE Runtime Environment (20.0+36) (build 20+36-2344)
# Java VM: Java HotSpot(TM) 64-Bit Server VM (20+36-2344, mixed mode, emulated-client, sharing, tiered, compressed oops, compressed class ptrs, g1 gc, windows-amd64)
GC Precious Log:
 CardTable entry size: 512
 Card Set container configuration: InlinePtr #cards 5 size 8 Array Of Cards #cards 12 size 40 Howl #buckets 4 coarsen threshold 1843 Howl Bitmap #cards 512 size 80 coarsen threshold 460 Card regions per heap region 1 cards per card region 2048
 CPUs: 8 total, 8 available
 Memory: 8101M
 Large Page Support: Disabled
 NUMA Support: Disabled
 Compressed Oops: Enabled (32-bit)
 Heap Region Size: 1M
 Heap Min Capacity: 8M
 Heap Initial Capacity: 128M
 Heap Max Capacity: 2026M
 Pre-touch: Disabled
 Parallel Workers: 8
 Concurrent Workers: 2
 Concurrent Refinement Workers: 8
 Periodic GC: Disabled
Heap:
 garbage-first heap   total 81920K, used 58115K [0x0000000081600000, 0x0000000100000000)
  region size 1024K, 37 young (37888K), 6 survivors (6144K)
 Metaspace       used 74303K, committed 76544K, reserved 1179648K
  class space    used 10277K, committed 10944K, reserved 1048576K
GC Heap History (20 events):
Event: 1697.285 GC heap before
{Heap before GC invocations=65 (full 10):
 garbage-first heap   total 81920K, used 68798K [0x0000000081600000, 0x0000000100000000)
  region size 1024K, 42 young (43008K), 4 survivors (4096K)
 Metaspace       used 76308K, committed 77120K, reserved 1179648K
  class space    used 10466K, committed 10816K, reserved 1048576K
}
Event: 1697.293 GC heap after
{Heap after GC invocations=66 (full 10):
 garbage-first heap   total 81920K, used 32483K [0x0000000081600000, 0x0000000100000000)
  region size 1024K, 3 young (3072K), 3 survivors (3072K)
 Metaspace       used 76308K, committed 77120K, reserved 1179648K
  class space    used 10466K, committed 10816K, reserved 1048576K
}
Event: 1855.678 GC heap before
{Heap before GC invocations=66 (full 10):
 garbage-first heap   total 81920K, used 52963K [0x0000000081600000, 0x0000000100000000)
  region size 1024K, 25 young (25600K), 3 survivors (3072K)
 Metaspace       used 76489K, committed 77248K, reserved 1179648K
  class space    used 10485K, committed 10816K, reserved 1048576K
}
Event: 1855.774 GC heap after
{Heap after GC invocations=67 (full 11):
 garbage-first heap   total 81920K, used 26095K [0x0000000081600000, 0x0000000100000000)
  region size 1024K, 0 young (0K), 0 survivors (0K)
 Metaspace       used 76466K, committed 77248K, reserved 1179648K
  class space    used 10481K, committed 10816K, reserved 1048576K
}
Event: 1856.635 GC heap before
{Heap before GC invocations=67 (full 11):
 garbage-first heap   total 81920K, used 68079K [0x0000000081600000, 0x0000000100000000)
  region size 1024K, 42 young (43008K), 0 survivors (0K)
 Metaspace       used 76618K, committed 77440K, reserved 1179648K
  class space    used 10503K, committed 10880K, reserved 1048576K
}
Event: 1856.640 GC heap after
{Heap after GC invocations=68 (full 11):
 garbage-first heap   total 81920K, used 30191K [0x0000000081600000, 0x0000000100000000)
  region size 1024K, 4 young (4096K), 4 survivors (4096K)
 Metaspace       used 76618K, committed 77440K, reserved 1179648K
  class space    used 10503K, committed 10880K, reserved 1048576K
}
Event: 1857.180 GC heap before
{Heap before GC invocations=69 (full 11):
 garbage-first heap   total 81920K, used 69103K [0x0000000081600000, 0x0000000100000000)
  region size 1024K, 42 young (43008K), 4 survivors (4096K)
 Metaspace       used 76843K, committed 77632K, reserved 1179648K
  class space    used 10516K, committed 10880K, reserved 1048576K
}
Event: 1857.188 GC heap after
{Heap after GC invocations=70 (full 11):
 garbage-first heap   total 81920K, used 32780K [0x0000000081600000, 0x0000000100000000)
  region size 1024K, 3 young (3072K), 3 survivors (3072K)
 Metaspace       used 76843K, committed 77632K, reserved 1179648K
  class space    used 10516K, committed 10880K, reserved 1048576K
}
Event: 1917.185 GC heap before
{Heap before GC invocations=70 (full 11):
 garbage-first heap   total 81920K, used 43020K [0x0000000081600000, 0x0000000100000000)
  region size 1024K, 15 young (15360K), 3 survivors (3072K)
 Metaspace       used 76922K, committed 77760K, reserved 1179648K
  class space    used 10529K, committed 10880K, reserved 1048576K
}
Event: 1917.275 GC heap after
{Heap after GC invocations=71 (full 12):
 garbage-first heap   total 81920K, used 26186K [0x0000000081600000, 0x0000000100000000)
  region size 1024K, 0 young (0K), 0 survivors (0K)
 Metaspace       used 76880K, committed 77760K, reserved 1179648K
  class space    used 10522K, committed 10880K, reserved 1048576K
}
Event: 1918.165 GC heap before
{Heap before GC invocations=71 (full 12):
 garbage-first heap   total 81920K, used 68170K [0x0000000081600000, 0x0000000100000000)
  region size 1024K, 42 young (43008K), 0 survivors (0K)
 Metaspace       used 77030K, committed 77824K, reserved 1179648K
  class space    used 10544K, committed 10880K, reserved 1048576K
}
Event: 1918.171 GC heap after
{Heap after GC invocations=72 (full 12):
 garbage-first heap   total 81920K, used 30282K [0x0000000081600000, 0x0000000100000000)
  region size 1024K, 4 young (4096K), 4 survivors (4096K)
 Metaspace       used 77030K, committed 77824K, reserved 1179648K
  class space    used 10544K, committed 10880K, reserved 1048576K
}
Event: 1918.711 GC heap before
{Heap before GC invocations=73 (full 12):
 garbage-first heap   total 81920K, used 69194K [0x0000000081600000, 0x0000000100000000)
  region size 1024K, 42 young (43008K), 4 survivors (4096K)
 Metaspace       used 77262K, committed 78080K, reserved 1179648K
  class space    used 10558K, committed 10944K, reserved 1048576K
}
Event: 1918.719 GC heap after
{Heap after GC invocations=74 (full 12):
 garbage-first heap   total 81920K, used 33040K [0x0000000081600000, 0x0000000100000000)
  region size 1024K, 3 young (3072K), 3 survivors (3072K)
 Metaspace       used 77262K, committed 78080K, reserved 1179648K
  class space    used 10558K, committed 10944K, reserved 1048576K
}
Event: 2363.248 GC heap before
{Heap before GC invocations=74 (full 12):
 garbage-first heap   total 81920K, used 69904K [0x0000000081600000, 0x0000000100000000)
  region size 1024K, 39 young (39936K), 3 survivors (3072K)
 Metaspace       used 77321K, committed 78144K, reserved 1179648K
  class space    used 10567K, committed 10944K, reserved 1048576K
}
Event: 2363.253 GC heap after
{Heap after GC invocations=75 (full 12):
 garbage-first heap   total 81920K, used 33050K [0x0000000081600000, 0x0000000100000000)
  region size 1024K, 1 young (1024K), 1 survivors (1024K)
 Metaspace       used 77321K, committed 78144K, reserved 1179648K
  class space    used 10567K, committed 10944K, reserved 1048576K
}
Event: 2450.014 GC heap before
{Heap before GC invocations=75 (full 12):
 garbage-first heap   total 81920K, used 40218K [0x0000000081600000, 0x0000000100000000)
  region size 1024K, 9 young (9216K), 1 survivors (1024K)
 Metaspace       used 77324K, committed 78144K, reserved 1179648K
  class space    used 10568K, committed 10944K, reserved 1048576K
}
Event: 2450.112 GC heap after
{Heap after GC invocations=76 (full 13):
 garbage-first heap   total 81920K, used 21798K [0x0000000081600000, 0x0000000100000000)
  region size 1024K, 0 young (0K), 0 survivors (0K)
 Metaspace       used 73764K, committed 76544K, reserved 1179648K
  class space    used 10206K, committed 10944K, reserved 1048576K
}
Event: 2457.771 GC heap before
{Heap before GC invocations=76 (full 13):
 garbage-first heap   total 81920K, used 67878K [0x0000000081600000, 0x0000000100000000)
  region size 1024K, 46 young (47104K), 0 survivors (0K)
 Metaspace       used 74030K, committed 76544K, reserved 1179648K
  class space    used 10257K, committed 10944K, reserved 1048576K
}
Event: 2457.779 GC heap after
{Heap after GC invocations=77 (full 13):
 garbage-first heap   total 81920K, used 27395K [0x0000000081600000, 0x0000000100000000)
  region size 1024K, 6 young (6144K), 6 survivors (6144K)
 Metaspace       used 74030K, committed 76544K, reserved 1179648K
  class space    used 10257K, committed 10944K, reserved 1048576K
}

