# JRE version: Java(TM) SE Runtime Environment (20.0+36) (build 20+36-2344)
# Java VM: Java HotSpot(TM) 64-Bit Server VM (20+36-2344, mixed mode, emulated-client, sharing, tiered, compressed oops, compressed class ptrs, g1 gc, windows-amd64)
GC Precious Log:
 CardTable entry size: 512
 Card Set container configuration: InlinePtr #cards 5 size 8 Array Of Cards #cards 12 size 40 Howl #buckets 4 coarsen threshold 1843 Howl Bitmap #cards 512 size 80 coarsen threshold 460 Card regions per heap region 1 cards per card region 2048
 CPUs: 8 total, 8 available
 Memory: 8101M
 Large Page Support: Disabled
 NUMA Support: Disabled
 Compressed Oops: Enabled (32-bit)
 Heap Region Size: 1M
 Heap Min Capacity: 8M
 Heap Initial Capacity: 128M
 Heap Max Capacity: 2026M
 Pre-touch: Disabled
 Parallel Workers: 8
 Concurrent Workers: 2
 Concurrent Refinement Workers: 8
 Periodic GC: Disabled
Heap:
 garbage-first heap   total 92160K, used 53180K [0x0000000081600000, 0x0000000100000000)
  region size 1024K, 24 young (24576K), 2 survivors (2048K)
 Metaspace       used 75329K, committed 76032K, reserved 1179648K
  class space    used 10347K, committed 10624K, reserved 1048576K
GC Heap History (20 events):
Event: 531.713 GC heap after
{Heap after GC invocations=50 (full 7):
 garbage-first heap   total 86016K, used 29691K [0x0000000081600000, 0x0000000100000000)
  region size 1024K, 5 young (5120K), 5 survivors (5120K)
 Metaspace       used 73797K, committed 74560K, reserved 1114112K
  class space    used 10192K, committed 10560K, reserved 1048576K
}
Event: 556.335 GC heap before
{Heap before GC invocations=51 (full 7):
 garbage-first heap   total 86016K, used 71675K [0x0000000081600000, 0x0000000100000000)
  region size 1024K, 46 young (47104K), 5 survivors (5120K)
 Metaspace       used 74027K, committed 74752K, reserved 1114112K
  class space    used 10209K, committed 10560K, reserved 1048576K
}
Event: 556.339 GC heap after
{Heap after GC invocations=52 (full 7):
 garbage-first heap   total 86016K, used 31524K [0x0000000081600000, 0x0000000100000000)
  region size 1024K, 3 young (3072K), 3 survivors (3072K)
 Metaspace       used 74027K, committed 74752K, reserved 1114112K
  class space    used 10209K, committed 10560K, reserved 1048576K
}
Event: 572.338 GC heap before
{Heap before GC invocations=52 (full 7):
 garbage-first heap   total 86016K, used 34596K [0x0000000081600000, 0x0000000100000000)
  region size 1024K, 7 young (7168K), 3 survivors (3072K)
 Metaspace       used 74035K, committed 74752K, reserved 1114112K
  class space    used 10210K, committed 10560K, reserved 1048576K
}
Event: 572.377 GC heap after
{Heap after GC invocations=53 (full 8):
 garbage-first heap   total 86016K, used 25478K [0x0000000081600000, 0x0000000100000000)
  region size 1024K, 0 young (0K), 0 survivors (0K)
 Metaspace       used 74028K, committed 74752K, reserved 1114112K
  class space    used 10208K, committed 10560K, reserved 1048576K
}
Event: 572.868 GC heap before
{Heap before GC invocations=53 (full 8):
 garbage-first heap   total 86016K, used 73606K [0x0000000081600000, 0x0000000100000000)
  region size 1024K, 47 young (48128K), 0 survivors (0K)
 Metaspace       used 74299K, committed 75008K, reserved 1114112K
  class space    used 10238K, committed 10560K, reserved 1048576K
}
Event: 572.872 GC heap after
{Heap after GC invocations=54 (full 8):
 garbage-first heap   total 86016K, used 29837K [0x0000000081600000, 0x0000000100000000)
  region size 1024K, 5 young (5120K), 5 survivors (5120K)
 Metaspace       used 74299K, committed 75008K, reserved 1114112K
  class space    used 10238K, committed 10560K, reserved 1048576K
}
Event: 611.197 GC heap before
{Heap before GC invocations=55 (full 8):
 garbage-first heap   total 86016K, used 72845K [0x0000000081600000, 0x0000000100000000)
  region size 1024K, 47 young (48128K), 5 survivors (5120K)
 Metaspace       used 74472K, committed 75136K, reserved 1114112K
  class space    used 10255K, committed 10560K, reserved 1048576K
}
Event: 611.201 GC heap after
{Heap after GC invocations=56 (full 8):
 garbage-first heap   total 86016K, used 31280K [0x0000000081600000, 0x0000000100000000)
  region size 1024K, 3 young (3072K), 3 survivors (3072K)
 Metaspace       used 74472K, committed 75136K, reserved 1114112K
  class space    used 10255K, committed 10560K, reserved 1048576K
}
Event: 611.446 GC heap before
{Heap before GC invocations=56 (full 8):
 garbage-first heap   total 86016K, used 32304K [0x0000000081600000, 0x0000000100000000)
  region size 1024K, 5 young (5120K), 3 survivors (3072K)
 Metaspace       used 74475K, committed 75136K, reserved 1114112K
  class space    used 10255K, committed 10560K, reserved 1048576K
}
Event: 611.495 GC heap after
{Heap after GC invocations=57 (full 9):
 garbage-first heap   total 86016K, used 25471K [0x0000000081600000, 0x0000000100000000)
  region size 1024K, 0 young (0K), 0 survivors (0K)
 Metaspace       used 74462K, committed 75136K, reserved 1114112K
  class space    used 10252K, committed 10560K, reserved 1048576K
}
Event: 612.017 GC heap before
{Heap before GC invocations=57 (full 9):
 garbage-first heap   total 86016K, used 71551K [0x0000000081600000, 0x0000000100000000)
  region size 1024K, 46 young (47104K), 0 survivors (0K)
 Metaspace       used 74665K, committed 75392K, reserved 1114112K
  class space    used 10283K, committed 10624K, reserved 1048576K
}
Event: 612.021 GC heap after
{Heap after GC invocations=58 (full 9):
 garbage-first heap   total 132096K, used 29859K [0x0000000081600000, 0x0000000100000000)
  region size 1024K, 5 young (5120K), 5 survivors (5120K)
 Metaspace       used 74665K, committed 75392K, reserved 1114112K
  class space    used 10283K, committed 10624K, reserved 1048576K
}
Event: 653.750 GC heap before
{Heap before GC invocations=59 (full 9):
 garbage-first heap   total 119808K, used 74915K [0x0000000081600000, 0x0000000100000000)
  region size 1024K, 51 young (52224K), 5 survivors (5120K)
 Metaspace       used 74909K, committed 75648K, reserved 1179648K
  class space    used 10301K, committed 10624K, reserved 1048576K
}
Event: 653.791 GC heap after
{Heap after GC invocations=60 (full 10):
 garbage-first heap   total 92160K, used 25740K [0x0000000081600000, 0x0000000100000000)
  region size 1024K, 0 young (0K), 0 survivors (0K)
 Metaspace       used 74906K, committed 75648K, reserved 1179648K
  class space    used 10301K, committed 10624K, reserved 1048576K
}
Event: 654.275 GC heap before
{Heap before GC invocations=60 (full 10):
 garbage-first heap   total 92160K, used 76940K [0x0000000081600000, 0x0000000100000000)
  region size 1024K, 50 young (51200K), 0 survivors (0K)
 Metaspace       used 75201K, committed 75904K, reserved 1179648K
  class space    used 10337K, committed 10624K, reserved 1048576K
}
Event: 654.278 GC heap after
{Heap after GC invocations=61 (full 10):
 garbage-first heap   total 92160K, used 30438K [0x0000000081600000, 0x0000000100000000)
  region size 1024K, 5 young (5120K), 5 survivors (5120K)
 Metaspace       used 75201K, committed 75904K, reserved 1179648K
  class space    used 10337K, committed 10624K, reserved 1048576K
}
Event: 766.266 GC heap before
{Heap before GC invocations=62 (full 10):
 garbage-first heap   total 92160K, used 77542K [0x0000000081600000, 0x0000000100000000)
  region size 1024K, 51 young (52224K), 5 survivors (5120K)
 Metaspace       used 75316K, committed 75968K, reserved 1179648K
  class space    used 10345K, committed 10624K, reserved 1048576K
}
Event: 766.270 GC heap after
{Heap after GC invocations=63 (full 10):
 garbage-first heap   total 92160K, used 31415K [0x0000000081600000, 0x0000000100000000)
  region size 1024K, 2 young (2048K), 2 survivors (2048K)
 Metaspace       used 75316K, committed 75968K, reserved 1179648K
  class space    used 10345K, committed 10624K, reserved 1048576K
}
Event: 947.450 GC heap before
{Heap before GC invocations=63 (full 10):
 garbage-first heap   total 92160K, used 52919K [0x0000000081600000, 0x0000000100000000)
  region size 1024K, 24 young (24576K), 2 survivors (2048K)
 Metaspace       used 75329K, committed 76032K, reserved 1179648K
  class space    used 10347K, committed 10624K, reserved 1048576K
}

